2025-09-13 19:22 +00:00: 
2025-09-13 19:22 +00:00: > restaurant-daily@0.1.0 start
2025-09-13 19:22 +00:00: > next start
2025-09-13 19:22 +00:00: 
2025-09-13 19:22 +00:00:    ▲ Next.js 15.5.3
2025-09-13 19:22 +00:00:    - Local:        http://localhost:3000
2025-09-13 19:22 +00:00:    - Network:      http://10.0.0.4:3000
2025-09-13 19:22 +00:00: 
2025-09-13 19:22 +00:00:  ✓ Starting...
2025-09-13 19:22 +00:00:  ✓ Ready in 702ms
2025-09-13 20:02 +00:00: 
2025-09-13 20:02 +00:00: > restaurant-daily@0.1.0 start
2025-09-13 20:02 +00:00: > next start
2025-09-13 20:02 +00:00: 
2025-09-13 20:02 +00:00:    ▲ Next.js 15.5.3
2025-09-13 20:02 +00:00:    - Local:        http://localhost:3000
2025-09-13 20:02 +00:00:    - Network:      http://10.0.0.4:3000
2025-09-13 20:02 +00:00: 
2025-09-13 20:02 +00:00:  ✓ Starting...
2025-09-13 20:02 +00:00:  ✓ Ready in 412ms
2025-09-13 20:03 +00:00: 
2025-09-13 20:03 +00:00: > restaurant-daily@0.1.0 start
2025-09-13 20:03 +00:00: > next start
2025-09-13 20:03 +00:00: 
2025-09-13 20:03 +00:00:    ▲ Next.js 15.5.3
2025-09-13 20:03 +00:00:    - Local:        http://localhost:3000
2025-09-13 20:03 +00:00:    - Network:      http://10.0.0.4:3000
2025-09-13 20:03 +00:00: 
2025-09-13 20:03 +00:00:  ✓ Starting...
2025-09-13 20:03 +00:00:  ✓ Ready in 405ms
